<?xml version="1.0" encoding="UTF-8"?>
<!-- Generated by org.testng.reporters.JUnitReportReporter -->
<testsuite hostname="LOVEPREET-LAPTOP" failures="0" tests="1" name="com.api.tests.SignupAPITest" time="2.956" errors="0" timestamp="2025-03-18T23:54:36 IST" skipped="0">
  <testcase classname="com.api.tests.SignupAPITest" name="signupTest" time="2.956"/>
</testsuite> <!-- com.api.tests.SignupAPITest -->
