<?xml version="1.0" encoding="UTF-8"?>
<!-- Generated by org.testng.reporters.JUnitReportReporter -->
<testsuite hostname="LOVEPREET-LAPTOP" failures="0" tests="1" name="com.api.tests.GetProfileRequestTest" time="3.110" errors="0" timestamp="2025-03-19T00:22:02 IST" skipped="0">
  <testcase classname="com.api.tests.GetProfileRequestTest" name="getProfileInfoTest" time="3.110"/>
</testsuite> <!-- com.api.tests.GetProfileRequestTest -->
