<?xml version="1.0" encoding="UTF-8"?>
<!-- Generated by org.testng.reporters.JUnitReportReporter -->
<testsuite hostname="LOVEPREET-LAPTOP" failures="0" tests="1" name="com.api.tests.ForgotPasswordTest" time="5.693" errors="0" timestamp="2025-03-19T00:01:12 IST" skipped="0">
  <testcase classname="com.api.tests.ForgotPasswordTest" name="forgotPasswordTest" time="5.693"/>
</testsuite> <!-- com.api.tests.ForgotPasswordTest -->
