<?xml version="1.0" encoding="UTF-8"?>
<!-- Generated by org.testng.reporters.JUnitReportReporter -->
<testsuite hostname="LOVEPREET-LAPTOP" failures="0" tests="1" name="com.api.tests.LoginAPITest1" time="1.941" errors="0" timestamp="2025-03-18T14:35:47 IST" skipped="0">
  <testcase classname="com.api.tests.LoginAPITest1" name="loginTest" time="1.941"/>
</testsuite> <!-- com.api.tests.LoginAPITest1 -->
